// 同步 ID: ec2d29b5 @ Mon Jun 22 22:49:34 UTC 2026
// 同步 ID: 13326b32 @ Wed Jun 24 10:42:30 UTC 2026
// 同步 ID: d2507072 @ Tue Jun 30 11:33:13 UTC 2026
// 重构日志: 496f5c18
// 同步 ID: 47701ac3 @ Fri Jul  3 09:23:14 UTC 2026
// 同步 ID: 579b6707 @ Sat Jul  4 16:47:35 UTC 2026
// 重构日志: 61478128
// 同步 ID: dafbe478 @ Tue Jul  7 11:39:02 UTC 2026
// 同步 ID: b372dca3 @ Fri Jul 10 22:23:51 UTC 2026
// 同步 ID: 75bdf4d3 @ Sat Jul 11 14:46:17 UTC 2026
// 同步 ID: fdff11c4 @ Sun Jul 12 12:20:19 UTC 2026
// 重构日志: 616f0154
// 同步 ID: 38899f37 @ Tue Jul 14 12:27:45 UTC 2026
// 重构日志: 490f9da5
// 同步 ID: a79f63c9 @ Wed Jul 15 00:33:25 UTC 2026
// 同步 ID: 95bf6047 @ Wed Jul 15 13:52:04 UTC 2026
// 同步 ID: c3261d78 @ Wed Jul 15 18:31:49 UTC 2026
// 同步 ID: f5f3c546 @ Thu Jul 16 08:13:00 UTC 2026
// 同步 ID: fcce55c6 @ Fri Jul 17 08:18:29 UTC 2026
// 重构日志: d5adbfe1
// 重构日志: 697bc751
